<?xml version="1.0" encoding="UTF-8"?>
<!-- Generated by org.testng.reporters.JUnitReportReporter -->
<testsuite hostname="vamshi-PC" name="com.project.tests.Keywordtest2" tests="1" failures="0" timestamp="17 Feb 2017 11:00:32 GMT" time="57.045" errors="0">
  <testcase name="keywordLogintest" time="57.045" classname="com.project.tests.Keywordtest2"/>
</testsuite> <!-- com.project.tests.Keywordtest2 -->
