<?xml version="1.0" encoding="UTF-8"?>
<!-- Generated by org.testng.reporters.JUnitReportReporter -->
<testsuite hostname="vamshi-PC" name="com.project.tests.HybridFramework" tests="1" failures="0" timestamp="17 Feb 2017 10:10:51 GMT" time="36.409" errors="0">
  <testcase name="hybridLogintest" time="36.409" classname="com.project.tests.HybridFramework"/>
</testsuite> <!-- com.project.tests.HybridFramework -->
