<?xml version="1.0" encoding="UTF-8"?>
<!-- Generated by org.testng.reporters.JUnitReportReporter -->
<testsuite name="com.xl.samples.DataproviderXcel" tests="4" time="0.030" ignored="0" failures="0" timestamp="14 Feb 2017 06:28:10 GMT" skipped="0" hostname="vamshi-PC" errors="0">
  <testcase name="logIntest" time="0.015" classname="com.xl.samples.DataproviderXcel"/>
  <testcase name="logIntest" time="0.005" classname="com.xl.samples.DataproviderXcel"/>
  <testcase name="logIntest" time="0.005" classname="com.xl.samples.DataproviderXcel"/>
  <testcase name="logIntest" time="0.005" classname="com.xl.samples.DataproviderXcel"/>
</testsuite> <!-- com.xl.samples.DataproviderXcel -->
