<?xml version="1.0" encoding="UTF-8"?>
<!-- Generated by org.testng.reporters.JUnitReportReporter -->
<testsuite name="com.xl.samples.FillGreencolor" tests="1" time="1.257" ignored="0" failures="0" timestamp="10 Feb 2017 10:15:50 GMT" skipped="0" hostname="vamshi-PC" errors="0">
  <testcase name="fillcolor" time="1.257" classname="com.xl.samples.FillGreencolor"/>
</testsuite> <!-- com.xl.samples.FillGreencolor -->
