<?xml version="1.0" encoding="UTF-8"?>
<!-- Generated by org.testng.reporters.JUnitReportReporter -->
<testsuite name="com.xl.samples.DataproviderSample" tests="3" time="0.024" ignored="0" failures="0" timestamp="13 Feb 2017 07:29:50 GMT" skipped="0" hostname="vamshi-PC" errors="0">
  <testcase name="logIntest" time="0.004" classname="com.xl.samples.DataproviderSample"/>
  <testcase name="logIntest" time="0.005" classname="com.xl.samples.DataproviderSample"/>
  <testcase name="logIntest" time="0.015" classname="com.xl.samples.DataproviderSample"/>
</testsuite> <!-- com.xl.samples.DataproviderSample -->
