<?xml version="1.0" encoding="UTF-8"?>
<!-- Generated by org.testng.reporters.JUnitReportReporter -->
<testsuite name="com.pomproject.tests.AdminLoginTest" tests="1" time="15.317" ignored="0" failures="0" timestamp="18 Feb 2017 07:43:03 GMT" skipped="0" hostname="vamshi-PC" errors="0">
  <testcase name="logInapp" time="15.317" classname="com.pomproject.tests.AdminLoginTest"/>
</testsuite> <!-- com.pomproject.tests.AdminLoginTest -->
