<?xml version="1.0" encoding="UTF-8"?>
<!-- Generated by org.testng.reporters.JUnitReportReporter -->
<testsuite hostname="vamshi-PC" name="com.way2sms.constants.Way2smsConstants" tests="1" failures="0" timestamp="4 Feb 2017 11:53:29 GMT" time="8.883" errors="0">
  <testcase name="launchApp" time="8.883" classname="com.way2sms.constants.Way2smsConstants"/>
</testsuite> <!-- com.way2sms.constants.Way2smsConstants -->
